<?xml version="1.0" encoding="UTF-8"?>
<!-- Generated by org.testng.reporters.JUnitReportReporter -->
<testsuite hostname="DESKTOP-KULIN8Q" failures="0" tests="1" name="com.apple.developer.SampleRRRTest" time="0.013" errors="0" timestamp="2023-10-04T18:12:59 IST" skipped="0">
  <testcase classname="com.apple.developer.SampleRRRTest" name="test1" time="0.013"/>
  <system-out/>
</testsuite> <!-- com.apple.developer.SampleRRRTest -->
